

Started GET "/" for 127.0.0.1 at 2013-07-12 01:33:08 +0530

Mysql2::Error (Unknown database 'sample_app_development'):
  mysql2 (0.3.11) lib/mysql2/client.rb:44:in `connect'
  mysql2 (0.3.11) lib/mysql2/client.rb:44:in `initialize'
  activerecord (4.0.0.rc2) lib/active_record/connection_adapters/mysql2_adapter.rb:18:in `new'
  activerecord (4.0.0.rc2) lib/active_record/connection_adapters/mysql2_adapter.rb:18:in `mysql2_connection'
  activerecord (4.0.0.rc2) lib/active_record/connection_adapters/abstract/connection_pool.rb:440:in `new_connection'
  activerecord (4.0.0.rc2) lib/active_record/connection_adapters/abstract/connection_pool.rb:450:in `checkout_new_connection'
  activerecord (4.0.0.rc2) lib/active_record/connection_adapters/abstract/connection_pool.rb:421:in `acquire_connection'
  activerecord (4.0.0.rc2) lib/active_record/connection_adapters/abstract/connection_pool.rb:356:in `block in checkout'
  /usr/lib/ruby/1.9.1/monitor.rb:211:in `mon_synchronize'
  activerecord (4.0.0.rc2) lib/active_record/connection_adapters/abstract/connection_pool.rb:355:in `checkout'
  activerecord (4.0.0.rc2) lib/active_record/connection_adapters/abstract/connection_pool.rb:265:in `block in connection'
  /usr/lib/ruby/1.9.1/monitor.rb:211:in `mon_synchronize'
  activerecord (4.0.0.rc2) lib/active_record/connection_adapters/abstract/connection_pool.rb:264:in `connection'
  activerecord (4.0.0.rc2) lib/active_record/connection_adapters/abstract/connection_pool.rb:546:in `retrieve_connection'
  activerecord (4.0.0.rc2) lib/active_record/connection_handling.rb:79:in `retrieve_connection'
  activerecord (4.0.0.rc2) lib/active_record/connection_handling.rb:53:in `connection'
  activerecord (4.0.0.rc2) lib/active_record/query_cache.rb:51:in `restore_query_cache_settings'
  activerecord (4.0.0.rc2) lib/active_record/query_cache.rb:43:in `rescue in call'
  activerecord (4.0.0.rc2) lib/active_record/query_cache.rb:32:in `call'
  activerecord (4.0.0.rc2) lib/active_record/connection_adapters/abstract/connection_pool.rb:626:in `call'
  activerecord (4.0.0.rc2) lib/active_record/migration.rb:369:in `call'
  actionpack (4.0.0.rc2) lib/action_dispatch/middleware/callbacks.rb:29:in `block in call'
  activesupport (4.0.0.rc2) lib/active_support/callbacks.rb:373:in `_run__635717771__call__callbacks'
  activesupport (4.0.0.rc2) lib/active_support/callbacks.rb:80:in `run_callbacks'
  actionpack (4.0.0.rc2) lib/action_dispatch/middleware/callbacks.rb:27:in `call'
  actionpack (4.0.0.rc2) lib/action_dispatch/middleware/reloader.rb:64:in `call'
  actionpack (4.0.0.rc2) lib/action_dispatch/middleware/remote_ip.rb:76:in `call'
  actionpack (4.0.0.rc2) lib/action_dispatch/middleware/debug_exceptions.rb:17:in `call'
  actionpack (4.0.0.rc2) lib/action_dispatch/middleware/show_exceptions.rb:30:in `call'
  railties (4.0.0.rc2) lib/rails/rack/logger.rb:38:in `call_app'
  railties (4.0.0.rc2) lib/rails/rack/logger.rb:21:in `block in call'
  activesupport (4.0.0.rc2) lib/active_support/tagged_logging.rb:67:in `block in tagged'
  activesupport (4.0.0.rc2) lib/active_support/tagged_logging.rb:25:in `tagged'
  activesupport (4.0.0.rc2) lib/active_support/tagged_logging.rb:67:in `tagged'
  railties (4.0.0.rc2) lib/rails/rack/logger.rb:21:in `call'
  actionpack (4.0.0.rc2) lib/action_dispatch/middleware/request_id.rb:21:in `call'
  rack (1.5.2) lib/rack/methodoverride.rb:21:in `call'
  rack (1.5.2) lib/rack/runtime.rb:17:in `call'
  activesupport (4.0.0.rc2) lib/active_support/cache/strategy/local_cache.rb:83:in `call'
  rack (1.5.2) lib/rack/lock.rb:17:in `call'
  actionpack (4.0.0.rc2) lib/action_dispatch/middleware/static.rb:64:in `call'
  railties (4.0.0.rc2) lib/rails/engine.rb:511:in `call'
  railties (4.0.0.rc2) lib/rails/application.rb:97:in `call'
  rack (1.5.2) lib/rack/lock.rb:17:in `call'
  rack (1.5.2) lib/rack/content_length.rb:14:in `call'
  rack (1.5.2) lib/rack/handler/webrick.rb:60:in `service'
  /usr/lib/ruby/1.9.1/webrick/httpserver.rb:138:in `service'
  /usr/lib/ruby/1.9.1/webrick/httpserver.rb:94:in `run'
  /usr/lib/ruby/1.9.1/webrick/server.rb:191:in `block in start_thread'


  Rendered /usr/lib/ruby/gems/1.9.1/gems/actionpack-4.0.0.rc2/lib/action_dispatch/middleware/templates/rescues/_source.erb (1.0ms)
  Rendered /usr/lib/ruby/gems/1.9.1/gems/actionpack-4.0.0.rc2/lib/action_dispatch/middleware/templates/rescues/_trace.erb (1.9ms)
  Rendered /usr/lib/ruby/gems/1.9.1/gems/actionpack-4.0.0.rc2/lib/action_dispatch/middleware/templates/rescues/_request_and_response.erb (1.4ms)
  Rendered /usr/lib/ruby/gems/1.9.1/gems/actionpack-4.0.0.rc2/lib/action_dispatch/middleware/templates/rescues/diagnostics.erb within rescues/layout (31.3ms)


Started GET "/home" for 127.0.0.1 at 2013-07-12 01:33:25 +0530

Mysql2::Error (Unknown database 'sample_app_development'):
  mysql2 (0.3.11) lib/mysql2/client.rb:44:in `connect'
  mysql2 (0.3.11) lib/mysql2/client.rb:44:in `initialize'
  activerecord (4.0.0.rc2) lib/active_record/connection_adapters/mysql2_adapter.rb:18:in `new'
  activerecord (4.0.0.rc2) lib/active_record/connection_adapters/mysql2_adapter.rb:18:in `mysql2_connection'
  activerecord (4.0.0.rc2) lib/active_record/connection_adapters/abstract/connection_pool.rb:440:in `new_connection'
  activerecord (4.0.0.rc2) lib/active_record/connection_adapters/abstract/connection_pool.rb:450:in `checkout_new_connection'
  activerecord (4.0.0.rc2) lib/active_record/connection_adapters/abstract/connection_pool.rb:421:in `acquire_connection'
  activerecord (4.0.0.rc2) lib/active_record/connection_adapters/abstract/connection_pool.rb:356:in `block in checkout'
  /usr/lib/ruby/1.9.1/monitor.rb:211:in `mon_synchronize'
  activerecord (4.0.0.rc2) lib/active_record/connection_adapters/abstract/connection_pool.rb:355:in `checkout'
  activerecord (4.0.0.rc2) lib/active_record/connection_adapters/abstract/connection_pool.rb:265:in `block in connection'
  /usr/lib/ruby/1.9.1/monitor.rb:211:in `mon_synchronize'
  activerecord (4.0.0.rc2) lib/active_record/connection_adapters/abstract/connection_pool.rb:264:in `connection'
  activerecord (4.0.0.rc2) lib/active_record/connection_adapters/abstract/connection_pool.rb:546:in `retrieve_connection'
  activerecord (4.0.0.rc2) lib/active_record/connection_handling.rb:79:in `retrieve_connection'
  activerecord (4.0.0.rc2) lib/active_record/connection_handling.rb:53:in `connection'
  activerecord (4.0.0.rc2) lib/active_record/query_cache.rb:51:in `restore_query_cache_settings'
  activerecord (4.0.0.rc2) lib/active_record/query_cache.rb:43:in `rescue in call'
  activerecord (4.0.0.rc2) lib/active_record/query_cache.rb:32:in `call'
  activerecord (4.0.0.rc2) lib/active_record/connection_adapters/abstract/connection_pool.rb:626:in `call'
  activerecord (4.0.0.rc2) lib/active_record/migration.rb:369:in `call'
  actionpack (4.0.0.rc2) lib/action_dispatch/middleware/callbacks.rb:29:in `block in call'
  activesupport (4.0.0.rc2) lib/active_support/callbacks.rb:373:in `_run__635717771__call__callbacks'
  activesupport (4.0.0.rc2) lib/active_support/callbacks.rb:80:in `run_callbacks'
  actionpack (4.0.0.rc2) lib/action_dispatch/middleware/callbacks.rb:27:in `call'
  actionpack (4.0.0.rc2) lib/action_dispatch/middleware/reloader.rb:64:in `call'
  actionpack (4.0.0.rc2) lib/action_dispatch/middleware/remote_ip.rb:76:in `call'
  actionpack (4.0.0.rc2) lib/action_dispatch/middleware/debug_exceptions.rb:17:in `call'
  actionpack (4.0.0.rc2) lib/action_dispatch/middleware/show_exceptions.rb:30:in `call'
  railties (4.0.0.rc2) lib/rails/rack/logger.rb:38:in `call_app'
  railties (4.0.0.rc2) lib/rails/rack/logger.rb:21:in `block in call'
  activesupport (4.0.0.rc2) lib/active_support/tagged_logging.rb:67:in `block in tagged'
  activesupport (4.0.0.rc2) lib/active_support/tagged_logging.rb:25:in `tagged'
  activesupport (4.0.0.rc2) lib/active_support/tagged_logging.rb:67:in `tagged'
  railties (4.0.0.rc2) lib/rails/rack/logger.rb:21:in `call'
  actionpack (4.0.0.rc2) lib/action_dispatch/middleware/request_id.rb:21:in `call'
  rack (1.5.2) lib/rack/methodoverride.rb:21:in `call'
  rack (1.5.2) lib/rack/runtime.rb:17:in `call'
  activesupport (4.0.0.rc2) lib/active_support/cache/strategy/local_cache.rb:83:in `call'
  rack (1.5.2) lib/rack/lock.rb:17:in `call'
  actionpack (4.0.0.rc2) lib/action_dispatch/middleware/static.rb:64:in `call'
  railties (4.0.0.rc2) lib/rails/engine.rb:511:in `call'
  railties (4.0.0.rc2) lib/rails/application.rb:97:in `call'
  rack (1.5.2) lib/rack/lock.rb:17:in `call'
  rack (1.5.2) lib/rack/content_length.rb:14:in `call'
  rack (1.5.2) lib/rack/handler/webrick.rb:60:in `service'
  /usr/lib/ruby/1.9.1/webrick/httpserver.rb:138:in `service'
  /usr/lib/ruby/1.9.1/webrick/httpserver.rb:94:in `run'
  /usr/lib/ruby/1.9.1/webrick/server.rb:191:in `block in start_thread'


  Rendered /usr/lib/ruby/gems/1.9.1/gems/actionpack-4.0.0.rc2/lib/action_dispatch/middleware/templates/rescues/_source.erb (1.2ms)
  Rendered /usr/lib/ruby/gems/1.9.1/gems/actionpack-4.0.0.rc2/lib/action_dispatch/middleware/templates/rescues/_trace.erb (1.8ms)
  Rendered /usr/lib/ruby/gems/1.9.1/gems/actionpack-4.0.0.rc2/lib/action_dispatch/middleware/templates/rescues/_request_and_response.erb (28.2ms)
  Rendered /usr/lib/ruby/gems/1.9.1/gems/actionpack-4.0.0.rc2/lib/action_dispatch/middleware/templates/rescues/diagnostics.erb within rescues/layout (51.0ms)


Started GET "/home" for 127.0.0.1 at 2013-07-12 01:42:12 +0530

ActionController::RoutingError (No route matches [GET] "/home"):
  actionpack (4.0.0.rc2) lib/action_dispatch/middleware/debug_exceptions.rb:21:in `call'
  actionpack (4.0.0.rc2) lib/action_dispatch/middleware/show_exceptions.rb:30:in `call'
  railties (4.0.0.rc2) lib/rails/rack/logger.rb:38:in `call_app'
  railties (4.0.0.rc2) lib/rails/rack/logger.rb:21:in `block in call'
  activesupport (4.0.0.rc2) lib/active_support/tagged_logging.rb:67:in `block in tagged'
  activesupport (4.0.0.rc2) lib/active_support/tagged_logging.rb:25:in `tagged'
  activesupport (4.0.0.rc2) lib/active_support/tagged_logging.rb:67:in `tagged'
  railties (4.0.0.rc2) lib/rails/rack/logger.rb:21:in `call'
  actionpack (4.0.0.rc2) lib/action_dispatch/middleware/request_id.rb:21:in `call'
  rack (1.5.2) lib/rack/methodoverride.rb:21:in `call'
  rack (1.5.2) lib/rack/runtime.rb:17:in `call'
  activesupport (4.0.0.rc2) lib/active_support/cache/strategy/local_cache.rb:83:in `call'
  rack (1.5.2) lib/rack/lock.rb:17:in `call'
  actionpack (4.0.0.rc2) lib/action_dispatch/middleware/static.rb:64:in `call'
  railties (4.0.0.rc2) lib/rails/engine.rb:511:in `call'
  railties (4.0.0.rc2) lib/rails/application.rb:97:in `call'
  rack (1.5.2) lib/rack/lock.rb:17:in `call'
  rack (1.5.2) lib/rack/content_length.rb:14:in `call'
  rack (1.5.2) lib/rack/handler/webrick.rb:60:in `service'
  /usr/lib/ruby/1.9.1/webrick/httpserver.rb:138:in `service'
  /usr/lib/ruby/1.9.1/webrick/httpserver.rb:94:in `run'
  /usr/lib/ruby/1.9.1/webrick/server.rb:191:in `block in start_thread'


  Rendered /usr/lib/ruby/gems/1.9.1/gems/actionpack-4.0.0.rc2/lib/action_dispatch/middleware/templates/rescues/_trace.erb (29.1ms)
  Rendered /usr/lib/ruby/gems/1.9.1/gems/actionpack-4.0.0.rc2/lib/action_dispatch/middleware/templates/routes/_route.html.erb (1.2ms)
  Rendered /usr/lib/ruby/gems/1.9.1/gems/actionpack-4.0.0.rc2/lib/action_dispatch/middleware/templates/routes/_table.html.erb (21.4ms)
  Rendered /usr/lib/ruby/gems/1.9.1/gems/actionpack-4.0.0.rc2/lib/action_dispatch/middleware/templates/rescues/routing_error.erb within rescues/layout (101.4ms)


Started GET "/" for 127.0.0.1 at 2013-07-12 01:42:23 +0530
Processing by Rails::WelcomeController#index as HTML
  Rendered /usr/lib/ruby/gems/1.9.1/gems/railties-4.0.0.rc2/lib/rails/templates/rails/welcome/index.html.erb (1.3ms)
Completed 200 OK in 88ms (Views: 32.5ms | ActiveRecord: 0.0ms)


Started GET "/rails/info/properties" for 127.0.0.1 at 2013-07-12 01:42:25 +0530
Processing by Rails::InfoController#properties as HTML
  Rendered /usr/lib/ruby/gems/1.9.1/gems/railties-4.0.0.rc2/lib/rails/templates/rails/info/properties.html.erb (0.5ms)
Completed 200 OK in 53ms (Views: 15.2ms | ActiveRecord: 3.1ms)


Started GET "/home" for 127.0.0.1 at 2013-07-12 01:42:54 +0530

ActionController::RoutingError (No route matches [GET] "/home"):
  actionpack (4.0.0.rc2) lib/action_dispatch/middleware/debug_exceptions.rb:21:in `call'
  actionpack (4.0.0.rc2) lib/action_dispatch/middleware/show_exceptions.rb:30:in `call'
  railties (4.0.0.rc2) lib/rails/rack/logger.rb:38:in `call_app'
  railties (4.0.0.rc2) lib/rails/rack/logger.rb:21:in `block in call'
  activesupport (4.0.0.rc2) lib/active_support/tagged_logging.rb:67:in `block in tagged'
  activesupport (4.0.0.rc2) lib/active_support/tagged_logging.rb:25:in `tagged'
  activesupport (4.0.0.rc2) lib/active_support/tagged_logging.rb:67:in `tagged'
  railties (4.0.0.rc2) lib/rails/rack/logger.rb:21:in `call'
  actionpack (4.0.0.rc2) lib/action_dispatch/middleware/request_id.rb:21:in `call'
  rack (1.5.2) lib/rack/methodoverride.rb:21:in `call'
  rack (1.5.2) lib/rack/runtime.rb:17:in `call'
  activesupport (4.0.0.rc2) lib/active_support/cache/strategy/local_cache.rb:83:in `call'
  rack (1.5.2) lib/rack/lock.rb:17:in `call'
  actionpack (4.0.0.rc2) lib/action_dispatch/middleware/static.rb:64:in `call'
  railties (4.0.0.rc2) lib/rails/engine.rb:511:in `call'
  railties (4.0.0.rc2) lib/rails/application.rb:97:in `call'
  rack (1.5.2) lib/rack/lock.rb:17:in `call'
  rack (1.5.2) lib/rack/content_length.rb:14:in `call'
  rack (1.5.2) lib/rack/handler/webrick.rb:60:in `service'
  /usr/lib/ruby/1.9.1/webrick/httpserver.rb:138:in `service'
  /usr/lib/ruby/1.9.1/webrick/httpserver.rb:94:in `run'
  /usr/lib/ruby/1.9.1/webrick/server.rb:191:in `block in start_thread'


  Rendered /usr/lib/ruby/gems/1.9.1/gems/actionpack-4.0.0.rc2/lib/action_dispatch/middleware/templates/rescues/_trace.erb (1.7ms)
  Rendered /usr/lib/ruby/gems/1.9.1/gems/actionpack-4.0.0.rc2/lib/action_dispatch/middleware/templates/routes/_route.html.erb (1.3ms)
  Rendered /usr/lib/ruby/gems/1.9.1/gems/actionpack-4.0.0.rc2/lib/action_dispatch/middleware/templates/routes/_table.html.erb (1.6ms)
  Rendered /usr/lib/ruby/gems/1.9.1/gems/actionpack-4.0.0.rc2/lib/action_dispatch/middleware/templates/rescues/routing_error.erb within rescues/layout (26.1ms)


Started GET "/help" for 127.0.0.1 at 2013-07-12 01:43:02 +0530

ActionController::RoutingError (No route matches [GET] "/help"):
  actionpack (4.0.0.rc2) lib/action_dispatch/middleware/debug_exceptions.rb:21:in `call'
  actionpack (4.0.0.rc2) lib/action_dispatch/middleware/show_exceptions.rb:30:in `call'
  railties (4.0.0.rc2) lib/rails/rack/logger.rb:38:in `call_app'
  railties (4.0.0.rc2) lib/rails/rack/logger.rb:21:in `block in call'
  activesupport (4.0.0.rc2) lib/active_support/tagged_logging.rb:67:in `block in tagged'
  activesupport (4.0.0.rc2) lib/active_support/tagged_logging.rb:25:in `tagged'
  activesupport (4.0.0.rc2) lib/active_support/tagged_logging.rb:67:in `tagged'
  railties (4.0.0.rc2) lib/rails/rack/logger.rb:21:in `call'
  actionpack (4.0.0.rc2) lib/action_dispatch/middleware/request_id.rb:21:in `call'
  rack (1.5.2) lib/rack/methodoverride.rb:21:in `call'
  rack (1.5.2) lib/rack/runtime.rb:17:in `call'
  activesupport (4.0.0.rc2) lib/active_support/cache/strategy/local_cache.rb:83:in `call'
  rack (1.5.2) lib/rack/lock.rb:17:in `call'
  actionpack (4.0.0.rc2) lib/action_dispatch/middleware/static.rb:64:in `call'
  railties (4.0.0.rc2) lib/rails/engine.rb:511:in `call'
  railties (4.0.0.rc2) lib/rails/application.rb:97:in `call'
  rack (1.5.2) lib/rack/lock.rb:17:in `call'
  rack (1.5.2) lib/rack/content_length.rb:14:in `call'
  rack (1.5.2) lib/rack/handler/webrick.rb:60:in `service'
  /usr/lib/ruby/1.9.1/webrick/httpserver.rb:138:in `service'
  /usr/lib/ruby/1.9.1/webrick/httpserver.rb:94:in `run'
  /usr/lib/ruby/1.9.1/webrick/server.rb:191:in `block in start_thread'


  Rendered /usr/lib/ruby/gems/1.9.1/gems/actionpack-4.0.0.rc2/lib/action_dispatch/middleware/templates/rescues/_trace.erb (2.0ms)
  Rendered /usr/lib/ruby/gems/1.9.1/gems/actionpack-4.0.0.rc2/lib/action_dispatch/middleware/templates/routes/_route.html.erb (1.3ms)
  Rendered /usr/lib/ruby/gems/1.9.1/gems/actionpack-4.0.0.rc2/lib/action_dispatch/middleware/templates/routes/_table.html.erb (1.6ms)
  Rendered /usr/lib/ruby/gems/1.9.1/gems/actionpack-4.0.0.rc2/lib/action_dispatch/middleware/templates/rescues/routing_error.erb within rescues/layout (27.1ms)


Started GET "/about" for 127.0.0.1 at 2013-07-12 01:43:23 +0530

ActionController::RoutingError (No route matches [GET] "/about"):
  actionpack (4.0.0.rc2) lib/action_dispatch/middleware/debug_exceptions.rb:21:in `call'
  actionpack (4.0.0.rc2) lib/action_dispatch/middleware/show_exceptions.rb:30:in `call'
  railties (4.0.0.rc2) lib/rails/rack/logger.rb:38:in `call_app'
  railties (4.0.0.rc2) lib/rails/rack/logger.rb:21:in `block in call'
  activesupport (4.0.0.rc2) lib/active_support/tagged_logging.rb:67:in `block in tagged'
  activesupport (4.0.0.rc2) lib/active_support/tagged_logging.rb:25:in `tagged'
  activesupport (4.0.0.rc2) lib/active_support/tagged_logging.rb:67:in `tagged'
  railties (4.0.0.rc2) lib/rails/rack/logger.rb:21:in `call'
  actionpack (4.0.0.rc2) lib/action_dispatch/middleware/request_id.rb:21:in `call'
  rack (1.5.2) lib/rack/methodoverride.rb:21:in `call'
  rack (1.5.2) lib/rack/runtime.rb:17:in `call'
  activesupport (4.0.0.rc2) lib/active_support/cache/strategy/local_cache.rb:83:in `call'
  rack (1.5.2) lib/rack/lock.rb:17:in `call'
  actionpack (4.0.0.rc2) lib/action_dispatch/middleware/static.rb:64:in `call'
  railties (4.0.0.rc2) lib/rails/engine.rb:511:in `call'
  railties (4.0.0.rc2) lib/rails/application.rb:97:in `call'
  rack (1.5.2) lib/rack/lock.rb:17:in `call'
  rack (1.5.2) lib/rack/content_length.rb:14:in `call'
  rack (1.5.2) lib/rack/handler/webrick.rb:60:in `service'
  /usr/lib/ruby/1.9.1/webrick/httpserver.rb:138:in `service'
  /usr/lib/ruby/1.9.1/webrick/httpserver.rb:94:in `run'
  /usr/lib/ruby/1.9.1/webrick/server.rb:191:in `block in start_thread'


  Rendered /usr/lib/ruby/gems/1.9.1/gems/actionpack-4.0.0.rc2/lib/action_dispatch/middleware/templates/rescues/_trace.erb (1.9ms)
  Rendered /usr/lib/ruby/gems/1.9.1/gems/actionpack-4.0.0.rc2/lib/action_dispatch/middleware/templates/routes/_route.html.erb (1.3ms)
  Rendered /usr/lib/ruby/gems/1.9.1/gems/actionpack-4.0.0.rc2/lib/action_dispatch/middleware/templates/routes/_table.html.erb (1.7ms)
  Rendered /usr/lib/ruby/gems/1.9.1/gems/actionpack-4.0.0.rc2/lib/action_dispatch/middleware/templates/rescues/routing_error.erb within rescues/layout (27.7ms)


Started GET "/about" for 127.0.0.1 at 2013-07-12 01:43:45 +0530

ActionController::RoutingError (No route matches [GET] "/about"):
  actionpack (4.0.0.rc2) lib/action_dispatch/middleware/debug_exceptions.rb:21:in `call'
  actionpack (4.0.0.rc2) lib/action_dispatch/middleware/show_exceptions.rb:30:in `call'
  railties (4.0.0.rc2) lib/rails/rack/logger.rb:38:in `call_app'
  railties (4.0.0.rc2) lib/rails/rack/logger.rb:21:in `block in call'
  activesupport (4.0.0.rc2) lib/active_support/tagged_logging.rb:67:in `block in tagged'
  activesupport (4.0.0.rc2) lib/active_support/tagged_logging.rb:25:in `tagged'
  activesupport (4.0.0.rc2) lib/active_support/tagged_logging.rb:67:in `tagged'
  railties (4.0.0.rc2) lib/rails/rack/logger.rb:21:in `call'
  actionpack (4.0.0.rc2) lib/action_dispatch/middleware/request_id.rb:21:in `call'
  rack (1.5.2) lib/rack/methodoverride.rb:21:in `call'
  rack (1.5.2) lib/rack/runtime.rb:17:in `call'
  activesupport (4.0.0.rc2) lib/active_support/cache/strategy/local_cache.rb:83:in `call'
  rack (1.5.2) lib/rack/lock.rb:17:in `call'
  actionpack (4.0.0.rc2) lib/action_dispatch/middleware/static.rb:64:in `call'
  railties (4.0.0.rc2) lib/rails/engine.rb:511:in `call'
  railties (4.0.0.rc2) lib/rails/application.rb:97:in `call'
  rack (1.5.2) lib/rack/lock.rb:17:in `call'
  rack (1.5.2) lib/rack/content_length.rb:14:in `call'
  rack (1.5.2) lib/rack/handler/webrick.rb:60:in `service'
  /usr/lib/ruby/1.9.1/webrick/httpserver.rb:138:in `service'
  /usr/lib/ruby/1.9.1/webrick/httpserver.rb:94:in `run'
  /usr/lib/ruby/1.9.1/webrick/server.rb:191:in `block in start_thread'


  Rendered /usr/lib/ruby/gems/1.9.1/gems/actionpack-4.0.0.rc2/lib/action_dispatch/middleware/templates/rescues/_trace.erb (1.8ms)
  Rendered /usr/lib/ruby/gems/1.9.1/gems/actionpack-4.0.0.rc2/lib/action_dispatch/middleware/templates/routes/_route.html.erb (1.5ms)
  Rendered /usr/lib/ruby/gems/1.9.1/gems/actionpack-4.0.0.rc2/lib/action_dispatch/middleware/templates/routes/_table.html.erb (1.5ms)
  Rendered /usr/lib/ruby/gems/1.9.1/gems/actionpack-4.0.0.rc2/lib/action_dispatch/middleware/templates/rescues/routing_error.erb within rescues/layout (27.0ms)


Started GET "/static_pages" for 127.0.0.1 at 2013-07-12 01:45:02 +0530

ActionController::RoutingError (No route matches [GET] "/static_pages"):
  actionpack (4.0.0.rc2) lib/action_dispatch/middleware/debug_exceptions.rb:21:in `call'
  actionpack (4.0.0.rc2) lib/action_dispatch/middleware/show_exceptions.rb:30:in `call'
  railties (4.0.0.rc2) lib/rails/rack/logger.rb:38:in `call_app'
  railties (4.0.0.rc2) lib/rails/rack/logger.rb:21:in `block in call'
  activesupport (4.0.0.rc2) lib/active_support/tagged_logging.rb:67:in `block in tagged'
  activesupport (4.0.0.rc2) lib/active_support/tagged_logging.rb:25:in `tagged'
  activesupport (4.0.0.rc2) lib/active_support/tagged_logging.rb:67:in `tagged'
  railties (4.0.0.rc2) lib/rails/rack/logger.rb:21:in `call'
  actionpack (4.0.0.rc2) lib/action_dispatch/middleware/request_id.rb:21:in `call'
  rack (1.5.2) lib/rack/methodoverride.rb:21:in `call'
  rack (1.5.2) lib/rack/runtime.rb:17:in `call'
  activesupport (4.0.0.rc2) lib/active_support/cache/strategy/local_cache.rb:83:in `call'
  rack (1.5.2) lib/rack/lock.rb:17:in `call'
  actionpack (4.0.0.rc2) lib/action_dispatch/middleware/static.rb:64:in `call'
  railties (4.0.0.rc2) lib/rails/engine.rb:511:in `call'
  railties (4.0.0.rc2) lib/rails/application.rb:97:in `call'
  rack (1.5.2) lib/rack/lock.rb:17:in `call'
  rack (1.5.2) lib/rack/content_length.rb:14:in `call'
  rack (1.5.2) lib/rack/handler/webrick.rb:60:in `service'
  /usr/lib/ruby/1.9.1/webrick/httpserver.rb:138:in `service'
  /usr/lib/ruby/1.9.1/webrick/httpserver.rb:94:in `run'
  /usr/lib/ruby/1.9.1/webrick/server.rb:191:in `block in start_thread'


  Rendered /usr/lib/ruby/gems/1.9.1/gems/actionpack-4.0.0.rc2/lib/action_dispatch/middleware/templates/rescues/_trace.erb (1.6ms)
  Rendered /usr/lib/ruby/gems/1.9.1/gems/actionpack-4.0.0.rc2/lib/action_dispatch/middleware/templates/routes/_route.html.erb (1.2ms)
  Rendered /usr/lib/ruby/gems/1.9.1/gems/actionpack-4.0.0.rc2/lib/action_dispatch/middleware/templates/routes/_table.html.erb (1.5ms)
  Rendered /usr/lib/ruby/gems/1.9.1/gems/actionpack-4.0.0.rc2/lib/action_dispatch/middleware/templates/rescues/routing_error.erb within rescues/layout (25.1ms)


Started GET "/static_pages/home" for 127.0.0.1 at 2013-07-12 01:45:38 +0530
Processing by StaticPagesController#home as HTML
  Rendered static_pages/home.html.erb within layouts/application (0.6ms)
Completed 200 OK in 627ms (Views: 626.2ms | ActiveRecord: 0.0ms)


Started GET "/assets/application.css?body=1" for 127.0.0.1 at 2013-07-12 01:45:39 +0530


Started GET "/assets/jquery.js?body=1" for 127.0.0.1 at 2013-07-12 01:45:39 +0530


Started GET "/assets/static_pages.css?body=1" for 127.0.0.1 at 2013-07-12 01:45:39 +0530


Started GET "/assets/jquery_ujs.js?body=1" for 127.0.0.1 at 2013-07-12 01:45:39 +0530


Started GET "/assets/static_pages.js?body=1" for 127.0.0.1 at 2013-07-12 01:45:39 +0530


Started GET "/assets/application.js?body=1" for 127.0.0.1 at 2013-07-12 01:45:39 +0530


Started GET "/assets/turbolinks.js?body=1" for 127.0.0.1 at 2013-07-12 01:45:39 +0530


Started GET "/static_pages/about" for 127.0.0.1 at 2013-07-12 01:45:47 +0530
Processing by StaticPagesController#about as HTML
  Rendered static_pages/about.html.erb within layouts/application (0.6ms)
Completed 200 OK in 8ms (Views: 6.4ms | ActiveRecord: 0.0ms)


Started GET "/assets/application.css?body=1" for 127.0.0.1 at 2013-07-12 01:45:47 +0530


Started GET "/assets/static_pages.css?body=1" for 127.0.0.1 at 2013-07-12 01:45:47 +0530


Started GET "/assets/jquery.js?body=1" for 127.0.0.1 at 2013-07-12 01:45:47 +0530


Started GET "/assets/jquery_ujs.js?body=1" for 127.0.0.1 at 2013-07-12 01:45:47 +0530


Started GET "/assets/turbolinks.js?body=1" for 127.0.0.1 at 2013-07-12 01:45:47 +0530


Started GET "/assets/static_pages.js?body=1" for 127.0.0.1 at 2013-07-12 01:45:47 +0530


Started GET "/assets/application.js?body=1" for 127.0.0.1 at 2013-07-12 01:45:47 +0530


Started GET "/" for 127.0.0.1 at 2013-07-12 01:56:41 +0530
Processing by Rails::WelcomeController#index as HTML
  Rendered /usr/lib/ruby/gems/1.9.1/gems/railties-4.0.0.rc2/lib/rails/templates/rails/welcome/index.html.erb (4.4ms)
Completed 200 OK in 74ms (Views: 43.2ms | ActiveRecord: 0.0ms)


Started GET "/static_pages/about" for 127.0.0.1 at 2013-07-12 01:56:49 +0530
Processing by StaticPagesController#about as HTML
  Rendered static_pages/about.html.erb within layouts/application (0.6ms)
Completed 200 OK in 53ms (Views: 51.4ms | ActiveRecord: 0.0ms)


Started GET "/assets/application.css?body=1" for 127.0.0.1 at 2013-07-12 01:56:50 +0530


Started GET "/assets/jquery.js?body=1" for 127.0.0.1 at 2013-07-12 01:56:50 +0530


Started GET "/assets/static_pages.css?body=1" for 127.0.0.1 at 2013-07-12 01:56:50 +0530


Started GET "/assets/jquery_ujs.js?body=1" for 127.0.0.1 at 2013-07-12 01:56:50 +0530


Started GET "/assets/turbolinks.js?body=1" for 127.0.0.1 at 2013-07-12 01:56:50 +0530


Started GET "/assets/static_pages.js?body=1" for 127.0.0.1 at 2013-07-12 01:56:50 +0530


Started GET "/assets/application.js?body=1" for 127.0.0.1 at 2013-07-12 01:56:50 +0530


Started GET "/static_pages/home" for 127.0.0.1 at 2013-07-12 01:56:57 +0530
Processing by StaticPagesController#home as HTML
  Rendered static_pages/home.html.erb within layouts/application (0.8ms)
Completed 200 OK in 7ms (Views: 5.8ms | ActiveRecord: 0.0ms)


Started GET "/assets/application.css?body=1" for 127.0.0.1 at 2013-07-12 01:56:57 +0530


Started GET "/assets/static_pages.css?body=1" for 127.0.0.1 at 2013-07-12 01:56:57 +0530


Started GET "/assets/turbolinks.js?body=1" for 127.0.0.1 at 2013-07-12 01:56:57 +0530


Started GET "/assets/static_pages.js?body=1" for 127.0.0.1 at 2013-07-12 01:56:57 +0530


Started GET "/assets/jquery_ujs.js?body=1" for 127.0.0.1 at 2013-07-12 01:56:57 +0530


Started GET "/assets/application.js?body=1" for 127.0.0.1 at 2013-07-12 01:56:57 +0530


Started GET "/assets/jquery.js?body=1" for 127.0.0.1 at 2013-07-12 01:56:57 +0530


Started GET "/" for 127.0.0.1 at 2013-07-13 20:09:08 +0530
Processing by Rails::WelcomeController#index as HTML
  Rendered /usr/lib/ruby/gems/1.9.1/gems/railties-4.0.0.rc2/lib/rails/templates/rails/welcome/index.html.erb (4.1ms)
Completed 200 OK in 133ms (Views: 81.0ms | ActiveRecord: 0.0ms)


Started GET "/users" for 127.0.0.1 at 2013-07-13 20:09:17 +0530

ActionController::RoutingError (No route matches [GET] "/users"):
  actionpack (4.0.0.rc2) lib/action_dispatch/middleware/debug_exceptions.rb:21:in `call'
  actionpack (4.0.0.rc2) lib/action_dispatch/middleware/show_exceptions.rb:30:in `call'
  railties (4.0.0.rc2) lib/rails/rack/logger.rb:38:in `call_app'
  railties (4.0.0.rc2) lib/rails/rack/logger.rb:21:in `block in call'
  activesupport (4.0.0.rc2) lib/active_support/tagged_logging.rb:67:in `block in tagged'
  activesupport (4.0.0.rc2) lib/active_support/tagged_logging.rb:25:in `tagged'
  activesupport (4.0.0.rc2) lib/active_support/tagged_logging.rb:67:in `tagged'
  railties (4.0.0.rc2) lib/rails/rack/logger.rb:21:in `call'
  actionpack (4.0.0.rc2) lib/action_dispatch/middleware/request_id.rb:21:in `call'
  rack (1.5.2) lib/rack/methodoverride.rb:21:in `call'
  rack (1.5.2) lib/rack/runtime.rb:17:in `call'
  activesupport (4.0.0.rc2) lib/active_support/cache/strategy/local_cache.rb:83:in `call'
  rack (1.5.2) lib/rack/lock.rb:17:in `call'
  actionpack (4.0.0.rc2) lib/action_dispatch/middleware/static.rb:64:in `call'
  railties (4.0.0.rc2) lib/rails/engine.rb:511:in `call'
  railties (4.0.0.rc2) lib/rails/application.rb:97:in `call'
  rack (1.5.2) lib/rack/lock.rb:17:in `call'
  rack (1.5.2) lib/rack/content_length.rb:14:in `call'
  rack (1.5.2) lib/rack/handler/webrick.rb:60:in `service'
  /usr/lib/ruby/1.9.1/webrick/httpserver.rb:138:in `service'
  /usr/lib/ruby/1.9.1/webrick/httpserver.rb:94:in `run'
  /usr/lib/ruby/1.9.1/webrick/server.rb:191:in `block in start_thread'


  Rendered /usr/lib/ruby/gems/1.9.1/gems/actionpack-4.0.0.rc2/lib/action_dispatch/middleware/templates/rescues/_trace.erb (1.5ms)
  Rendered /usr/lib/ruby/gems/1.9.1/gems/actionpack-4.0.0.rc2/lib/action_dispatch/middleware/templates/routes/_route.html.erb (1.3ms)
  Rendered /usr/lib/ruby/gems/1.9.1/gems/actionpack-4.0.0.rc2/lib/action_dispatch/middleware/templates/routes/_table.html.erb (68.6ms)
  Rendered /usr/lib/ruby/gems/1.9.1/gems/actionpack-4.0.0.rc2/lib/action_dispatch/middleware/templates/rescues/routing_error.erb within rescues/layout (108.7ms)


Started GET "/static_pages/home" for 127.0.0.1 at 2013-07-13 20:11:28 +0530
Processing by StaticPagesController#home as HTML
  Rendered static_pages/home.html.erb within layouts/application (0.8ms)
Completed 200 OK in 120ms (Views: 118.9ms | ActiveRecord: 0.0ms)


Started GET "/assets/application.css?body=1" for 127.0.0.1 at 2013-07-13 20:11:29 +0530


Started GET "/assets/static_pages.css?body=1" for 127.0.0.1 at 2013-07-13 20:11:29 +0530


Started GET "/assets/jquery.js?body=1" for 127.0.0.1 at 2013-07-13 20:11:29 +0530


Started GET "/assets/jquery_ujs.js?body=1" for 127.0.0.1 at 2013-07-13 20:11:29 +0530


Started GET "/assets/static_pages.js?body=1" for 127.0.0.1 at 2013-07-13 20:11:29 +0530


Started GET "/assets/turbolinks.js?body=1" for 127.0.0.1 at 2013-07-13 20:11:29 +0530


Started GET "/assets/application.js?body=1" for 127.0.0.1 at 2013-07-13 20:11:29 +0530


Started GET "/static_pages/about" for 127.0.0.1 at 2013-07-13 20:11:53 +0530
Processing by StaticPagesController#about as HTML
  Rendered static_pages/about.html.erb within layouts/application (0.7ms)
Completed 200 OK in 6ms (Views: 5.3ms | ActiveRecord: 0.0ms)


Started GET "/assets/application.css?body=1" for 127.0.0.1 at 2013-07-13 20:11:53 +0530


Started GET "/assets/jquery.js?body=1" for 127.0.0.1 at 2013-07-13 20:11:53 +0530


Started GET "/assets/static_pages.css?body=1" for 127.0.0.1 at 2013-07-13 20:11:53 +0530


Started GET "/assets/jquery_ujs.js?body=1" for 127.0.0.1 at 2013-07-13 20:11:53 +0530


Started GET "/assets/turbolinks.js?body=1" for 127.0.0.1 at 2013-07-13 20:11:53 +0530


Started GET "/assets/application.js?body=1" for 127.0.0.1 at 2013-07-13 20:11:53 +0530


Started GET "/assets/static_pages.js?body=1" for 127.0.0.1 at 2013-07-13 20:11:53 +0530
  [1m[36m (173.1ms)[0m  [1mDROP DATABASE IF EXISTS `demo_test`[0m
  [1m[35m (18.9ms)[0m  CREATE DATABASE `demo_test` DEFAULT CHARACTER SET `utf8` COLLATE `utf8_unicode_ci`
  [1m[36mActiveRecord::SchemaMigration Load (13.0ms)[0m  [1mSELECT `schema_migrations`.* FROM `schema_migrations`[0m
  [1m[36m (0.5ms)[0m  [1mDROP DATABASE IF EXISTS `demo_test`[0m
  [1m[35m (0.2ms)[0m  CREATE DATABASE `demo_test` DEFAULT CHARACTER SET `utf8` COLLATE `utf8_unicode_ci`
  [1m[36m (108.2ms)[0m  [1mCREATE TABLE `posts` (`id` int(11) DEFAULT NULL auto_increment PRIMARY KEY, `user_id` varchar(255) NOT NULL, `content` varchar(255), `created_at` datetime, `updated_at` datetime) ENGINE=InnoDB[0m
  [1m[35m (87.6ms)[0m  CREATE TABLE `users` (`id` int(11) DEFAULT NULL auto_increment PRIMARY KEY, `username` varchar(255), `email` varchar(255), `phone` int(11), `details` text, `created_at` datetime, `updated_at` datetime, `firstname` varchar(255) NOT NULL, `lastname` varchar(255), `password` varchar(255)) ENGINE=InnoDB
  [1m[36m (96.8ms)[0m  [1mCREATE TABLE `schema_migrations` (`version` varchar(255) NOT NULL) ENGINE=InnoDB[0m
  [1m[35m (200.9ms)[0m  CREATE UNIQUE INDEX `unique_schema_migrations` ON `schema_migrations` (`version`) 
  [1m[36m (0.3ms)[0m  [1mSELECT version FROM `schema_migrations`[0m
  [1m[35m (44.1ms)[0m  INSERT INTO `schema_migrations` (version) VALUES ('20130704160414')
  [1m[36m (97.1ms)[0m  [1mCREATE TABLE `schema_migrations` (`version` varchar(255) NOT NULL) ENGINE=InnoDB[0m
  [1m[35m (200.8ms)[0m  CREATE UNIQUE INDEX `unique_schema_migrations` ON `schema_migrations` (`version`) 
  [1m[36mActiveRecord::SchemaMigration Load (0.2ms)[0m  [1mSELECT `schema_migrations`.* FROM `schema_migrations`[0m
  [1m[36m (0.5ms)[0m  [1mDROP DATABASE IF EXISTS `sample_app_test`[0m
  [1m[35m (0.2ms)[0m  CREATE DATABASE `sample_app_test` DEFAULT CHARACTER SET `utf8` COLLATE `utf8_unicode_ci`
  [1m[36m (81.1ms)[0m  [1mCREATE TABLE `schema_migrations` (`version` varchar(255) NOT NULL) ENGINE=InnoDB[0m
  [1m[35m (178.7ms)[0m  CREATE UNIQUE INDEX `unique_schema_migrations` ON `schema_migrations` (`version`) 
  [1m[36m (0.3ms)[0m  [1mSELECT version FROM `schema_migrations`[0m
  [1m[35m (32.8ms)[0m  INSERT INTO `schema_migrations` (version) VALUES ('0')


Started GET "/" for 127.0.0.1 at 2013-07-13 20:41:23 +0530
Processing by Rails::WelcomeController#index as HTML
  Rendered /usr/lib/ruby/gems/1.9.1/gems/railties-4.0.0.rc2/lib/rails/templates/rails/welcome/index.html.erb (4.1ms)
Completed 200 OK in 165ms (Views: 79.7ms | ActiveRecord: 0.0ms)


Started GET "/static_pages/home" for 127.0.0.1 at 2013-07-13 20:41:34 +0530
Processing by StaticPagesController#home as HTML
  Rendered static_pages/home.html.erb within layouts/application (0.8ms)
Completed 200 OK in 97ms (Views: 96.2ms | ActiveRecord: 0.0ms)


Started GET "/assets/application.css?body=1" for 127.0.0.1 at 2013-07-13 20:41:35 +0530


Started GET "/assets/turbolinks.js?body=1" for 127.0.0.1 at 2013-07-13 20:41:35 +0530


Started GET "/assets/jquery.js?body=1" for 127.0.0.1 at 2013-07-13 20:41:35 +0530


Started GET "/assets/static_pages.css?body=1" for 127.0.0.1 at 2013-07-13 20:41:35 +0530


Started GET "/assets/jquery_ujs.js?body=1" for 127.0.0.1 at 2013-07-13 20:41:35 +0530


Started GET "/assets/static_pages.js?body=1" for 127.0.0.1 at 2013-07-13 20:41:35 +0530


Started GET "/assets/application.js?body=1" for 127.0.0.1 at 2013-07-13 20:41:35 +0530


Started GET "/" for 127.0.0.1 at 2013-07-14 10:27:00 +0530
Processing by Rails::WelcomeController#index as HTML
  Rendered /usr/lib/ruby/gems/1.9.1/gems/railties-4.0.0.rc2/lib/rails/templates/rails/welcome/index.html.erb (5.2ms)
Completed 200 OK in 141ms (Views: 83.4ms | ActiveRecord: 0.0ms)


Started GET "/static_pages/home" for 127.0.0.1 at 2013-07-14 10:28:56 +0530
Processing by StaticPagesController#home as HTML
  Rendered static_pages/home.html.erb within layouts/application (0.6ms)
Completed 200 OK in 109ms (Views: 107.8ms | ActiveRecord: 0.0ms)


Started GET "/assets/application.css?body=1" for 127.0.0.1 at 2013-07-14 10:28:56 +0530


Started GET "/assets/jquery_ujs.js?body=1" for 127.0.0.1 at 2013-07-14 10:28:56 +0530


Started GET "/assets/static_pages.js?body=1" for 127.0.0.1 at 2013-07-14 10:28:56 +0530


Started GET "/assets/static_pages.css?body=1" for 127.0.0.1 at 2013-07-14 10:28:56 +0530


Started GET "/assets/jquery.js?body=1" for 127.0.0.1 at 2013-07-14 10:28:56 +0530


Started GET "/assets/turbolinks.js?body=1" for 127.0.0.1 at 2013-07-14 10:28:56 +0530


Started GET "/assets/application.js?body=1" for 127.0.0.1 at 2013-07-14 10:28:56 +0530


Started GET "/static_pages/about" for 127.0.0.1 at 2013-07-14 10:29:13 +0530
Processing by StaticPagesController#about as HTML
  Rendered static_pages/about.html.erb within layouts/application (0.7ms)
Completed 200 OK in 12ms (Views: 11.4ms | ActiveRecord: 0.0ms)


Started GET "/assets/application.css?body=1" for 127.0.0.1 at 2013-07-14 10:29:13 +0530


Started GET "/assets/static_pages.css?body=1" for 127.0.0.1 at 2013-07-14 10:29:13 +0530


Started GET "/assets/turbolinks.js?body=1" for 127.0.0.1 at 2013-07-14 10:29:13 +0530


Started GET "/assets/static_pages.js?body=1" for 127.0.0.1 at 2013-07-14 10:29:13 +0530


Started GET "/assets/jquery.js?body=1" for 127.0.0.1 at 2013-07-14 10:29:13 +0530


Started GET "/assets/jquery_ujs.js?body=1" for 127.0.0.1 at 2013-07-14 10:29:13 +0530


Started GET "/assets/application.js?body=1" for 127.0.0.1 at 2013-07-14 10:29:13 +0530


Started GET "/static_pages/home" for 127.0.0.1 at 2013-07-14 10:29:23 +0530
Processing by StaticPagesController#home as HTML
  Rendered static_pages/home.html.erb within layouts/application (0.1ms)
Completed 200 OK in 7ms (Views: 5.5ms | ActiveRecord: 0.0ms)


Started GET "/assets/application.css?body=1" for 127.0.0.1 at 2013-07-14 10:29:23 +0530


Started GET "/assets/turbolinks.js?body=1" for 127.0.0.1 at 2013-07-14 10:29:23 +0530


Started GET "/assets/static_pages.css?body=1" for 127.0.0.1 at 2013-07-14 10:29:23 +0530


Started GET "/assets/jquery.js?body=1" for 127.0.0.1 at 2013-07-14 10:29:23 +0530


Started GET "/assets/jquery_ujs.js?body=1" for 127.0.0.1 at 2013-07-14 10:29:23 +0530


Started GET "/assets/static_pages.js?body=1" for 127.0.0.1 at 2013-07-14 10:29:23 +0530


Started GET "/assets/application.js?body=1" for 127.0.0.1 at 2013-07-14 10:29:23 +0530


Started GET "/static_pages/home" for 127.0.0.1 at 2013-07-14 10:30:18 +0530
Processing by StaticPagesController#home as HTML
  Rendered static_pages/home.html.erb within layouts/application (0.1ms)
Completed 200 OK in 7ms (Views: 6.1ms | ActiveRecord: 0.0ms)


Started GET "/assets/application.css?body=1" for 127.0.0.1 at 2013-07-14 10:30:18 +0530


Started GET "/assets/static_pages.css?body=1" for 127.0.0.1 at 2013-07-14 10:30:18 +0530


Started GET "/assets/turbolinks.js?body=1" for 127.0.0.1 at 2013-07-14 10:30:18 +0530


Started GET "/assets/static_pages.js?body=1" for 127.0.0.1 at 2013-07-14 10:30:18 +0530


Started GET "/assets/jquery.js?body=1" for 127.0.0.1 at 2013-07-14 10:30:18 +0530


Started GET "/assets/application.js?body=1" for 127.0.0.1 at 2013-07-14 10:30:18 +0530


Started GET "/assets/jquery_ujs.js?body=1" for 127.0.0.1 at 2013-07-14 10:30:18 +0530


Started GET "/assets/application.css" for 127.0.0.1 at 2013-07-14 10:55:44 +0530


Started GET "/static_pages/about" for 127.0.0.1 at 2013-07-14 11:31:38 +0530
Processing by StaticPagesController#about as HTML
  Rendered static_pages/about.html.erb within layouts/application (0.5ms)
Completed 200 OK in 205ms (Views: 126.8ms | ActiveRecord: 0.0ms)


Started GET "/assets/application.css?body=1" for 127.0.0.1 at 2013-07-14 11:31:39 +0530


Started GET "/assets/static_pages.css?body=1" for 127.0.0.1 at 2013-07-14 11:31:39 +0530


Started GET "/assets/application.js?body=1" for 127.0.0.1 at 2013-07-14 11:31:39 +0530


Started GET "/assets/jquery_ujs.js?body=1" for 127.0.0.1 at 2013-07-14 11:31:39 +0530


Started GET "/assets/turbolinks.js?body=1" for 127.0.0.1 at 2013-07-14 11:31:39 +0530


Started GET "/assets/static_pages.js?body=1" for 127.0.0.1 at 2013-07-14 11:31:39 +0530


Started GET "/assets/jquery.js?body=1" for 127.0.0.1 at 2013-07-14 11:31:39 +0530
